# Logfile created on 2018-01-26 11:03:56 +0000 by logger.rb/56438
[2018-01-26T11:03:57+00:00] INFO: Started chef-zero at chefzero://localhost:8889 with repository at /opt/gitlab/embedded
  One version per cookbook

[2018-01-26T11:03:57+00:00] INFO: Forking chef instance to converge...
[2018-01-26T11:03:57+00:00] INFO: *** Chef 12.12.15 ***
[2018-01-26T11:03:57+00:00] INFO: Platform: x86_64-linux
[2018-01-26T11:03:57+00:00] INFO: Chef-client pid: 30
[2018-01-26T11:04:00+00:00] WARN: unable to detect ipaddress
[2018-01-26T11:04:01+00:00] INFO: HTTP Request Returned 404 Not Found: Object not found: chefzero://localhost:8889/nodes/gitlab.example.com
[2018-01-26T11:04:01+00:00] INFO: Setting the run_list to ["recipe[gitlab]"] from CLI options
[2018-01-26T11:04:01+00:00] INFO: Run List is [recipe[gitlab]]
[2018-01-26T11:04:01+00:00] INFO: Run List expands to [gitlab]
[2018-01-26T11:04:01+00:00] INFO: Starting Chef Run for gitlab.example.com
[2018-01-26T11:04:01+00:00] INFO: Running start handlers
[2018-01-26T11:04:01+00:00] INFO: Start handlers complete.
[2018-01-26T11:04:01+00:00] INFO: HTTP Request Returned 404 Not Found: Object not found: 
[2018-01-26T11:04:07+00:00] INFO: Loading cookbooks [gitlab@0.0.1, package@0.1.0, postgresql@0.1.0, registry@0.1.0, mattermost@0.1.0, consul@0.0.0, gitaly@0.1.0, runit@0.14.2]
[2018-01-26T11:04:12+00:00] WARN: Runtime directory '/run' is not a tmpfs.
[2018-01-26T11:04:12+00:00] WARN: Skipped selecting an init system because it looks like we are running in a container
[2018-01-26T11:04:13+00:00] INFO: execute[/opt/gitlab/embedded/service/gitlab-shell/bin/gitlab-keys check-permissions] ran successfully
[2018-01-26T11:04:16+00:00] INFO: execute[chown -R root:root /opt/gitlab/embedded/service/gitlab-rails/public] ran successfully
[2018-01-26T11:04:16+00:00] INFO: link[/opt/gitlab/service/unicorn] created
[2018-01-26T11:04:16+00:00] INFO: link[/opt/gitlab/service/sidekiq] created
[2018-01-26T11:04:16+00:00] INFO: link[/opt/gitlab/service/gitlab-workhorse] created
[2018-01-26T11:04:17+00:00] INFO: link[/opt/gitlab/service/nginx] created
[2018-01-26T11:04:17+00:00] INFO: link[/opt/gitlab/service/logrotate] created
[2018-01-26T11:04:17+00:00] INFO: link[/opt/gitlab/service/gitaly] created
[2018-01-26T11:04:17+00:00] INFO: link[/opt/gitlab/service/node-exporter] created
[2018-01-26T11:04:17+00:00] INFO: link[/opt/gitlab/service/gitlab-monitor] created
[2018-01-26T11:04:17+00:00] INFO: link[/opt/gitlab/service/prometheus] created
[2018-01-26T11:04:17+00:00] INFO: Chef Run complete in 16.120528334 seconds
[2018-01-26T11:04:17+00:00] INFO: Running report handlers
[2018-01-26T11:04:17+00:00] INFO: Report handlers complete
